{
  "RSpec": {
    "coverage": {
      "/Users/apprentice/Desktop/basecamp/app/models/user.rb": [
        1,
        null,
        null,
        null,
        1,
        null,
        null,
        null,
        1,
        null,
        1,
        1,
        null
      ],
      "/Users/apprentice/Desktop/basecamp/app/helpers/application_helper.rb": [
        1,
        null,
        null,
        null
      ],
      "/Users/apprentice/Desktop/basecamp/app/helpers/items_helper.rb": [
        1,
        null
      ],
      "/Users/apprentice/Desktop/basecamp/app/helpers/lists_helper.rb": [
        1,
        null
      ],
      "/Users/apprentice/Desktop/basecamp/app/helpers/projects_helper.rb": [
        1,
        null
      ],
      "/Users/apprentice/Desktop/basecamp/app/models/item.rb": [
        1,
        1,
        1,
        1,
        null
      ],
      "/Users/apprentice/Desktop/basecamp/app/models/list.rb": [
        1,
        1,
        1,
        1,
        1,
        null
      ],
      "/Users/apprentice/Desktop/basecamp/app/models/membership.rb": [
        1,
        1,
        1,
        1,
        null
      ],
      "/Users/apprentice/Desktop/basecamp/app/models/project.rb": [
        1,
        1,
        1,
        1,
        1,
        1,
        null
      ]
    },
    "timestamp": 1343867418
  }
}
